#
# There is insufficient memory for the Java Runtime Environment to continue.
# Native memory allocation (malloc) failed to allocate 1048576 bytes for AllocateHeap
# Possible reasons:
#   The system is out of physical RAM or swap space
#   In 32 bit mode, the process size limit was hit
# Possible solutions:
#   Reduce memory load on the system
#   Increase physical memory or swap space
#   Check if swap backing store is full
#   Use 64 bit Java on a 64 bit OS
#   Decrease Java heap size (-Xmx/-Xms)
#   Decrease number of Java threads
#   Decrease Java thread stack sizes (-Xss)
#   Set larger code cache with -XX:ReservedCodeCacheSize=
# This output file may be truncated or incomplete.
#
#  Out of Memory Error (memory/allocation.inline.hpp:61), pid=3604, tid=0x000000000000198c
#
# JRE version:  (8.0_151-b12) (build )
# Java VM: Java HotSpot(TM) 64-Bit Server VM (25.151-b12 mixed mode windows-amd64 compressed oops)
# Failed to write core dump. Minidumps are not enabled by default on client versions of Windows
#

---------------  T H R E A D  ---------------

Current thread (0x00000000021e0800):  JavaThread "Unknown thread" [_thread_in_vm, id=6540, stack(0x0000000000970000,0x0000000000a70000)]

Stack: [0x0000000000970000,0x0000000000a70000]
[error occurred during error reporting (printing stack bounds), id 0xc0000005]

Native frames: (J=compiled Java code, j=interpreted, Vv=VM code, C=native code)


---------------  P R O C E S S  ---------------

Java Threads: ( => current thread )

Other Threads:

=>0x00000000021e0800 (exited) JavaThread "Unknown thread" [_thread_in_vm, id=6540, stack(0x0000000000970000,0x0000000000a70000)]

VM state:not at safepoint (normal execution)

VM Mutex/Monitor currently owned by a thread: None

Heap:
 PSYoungGen      total 37888K, used 655K [0x00000000d6a00000, 0x00000000d9400000, 0x0000000100000000)
  eden space 32768K, 2% used [0x00000000d6a00000,0x00000000d6aa3d80,0x00000000d8a00000)
  from space 5120K, 0% used [0x00000000d8f00000,0x00000000d8f00000,0x00000000d9400000)
  to   space 5120K, 0% used [0x00000000d8a00000,0x00000000d8a00000,0x00000000d8f00000)
 ParOldGen       total 86016K, used 0K [0x0000000083e00000, 0x0000000089200000, 0x00000000d6a00000)
  object space 86016K, 0% used [0x0000000083e00000,0x0000000083e00000,0x0000000089200000)
 Metaspace       used 746K, capacity 4480K, committed 4480K, reserved 1056768K
  class space    used 75K, capacity 384K, committed 384K, reserved 1048576K

Card table byte_map: [0x00000000116a0000,0x0000000011a90000] byte_map_base: 0x0000000011281000

Marking Bits: (ParMarkBitMap*) 0x000000006b00d850
 Begin Bits: [0x0000000012130000, 0x0000000014038000)
 End Bits:   [0x0000000014038000, 0x0000000015f40000)

Polling page: 0x00000000001f0000

CodeCache: size=245760Kb used=328Kb max_used=328Kb free=245431Kb
 bounds [0x00000000022e0000, 0x0000000002550000, 0x00000000112e0000]
 total_blobs=58 nmethods=0 adapters=38
 compilation: enabled

Compilation events (0 events):
No events

GC Heap History (0 events):
No events

Deoptimization events (0 events):
No events

Internal exceptions (0 events):
No events

Events (10 events):
Event: 0.022 loading class java/lang/Short
Event: 0.022 loading class java/lang/Short done
Event: 0.022 loading class java/lang/Integer
Event: 0.022 loading class java/lang/Integer done
Event: 0.022 loading class java/lang/Long
Event: 0.022 loading class java/lang/Long done
Event: 0.023 loading class java/lang/NullPointerException
Event: 0.023 loading class java/lang/NullPointerException done
Event: 0.023 loading class java/lang/ArithmeticException
Event: 0.023 loading class java/lang/ArithmeticException done


Dynamic libraries:
0x00007ff655660000 - 0x00007ff655697000 	C:\J\jre1.8.0_151\bin\javaw.exe
0x00007ffe75290000 - 0x00007ffe75451000 	C:\Windows\SYSTEM32\ntdll.dll
0x00007ffe73dc0000 - 0x00007ffe73e6d000 	C:\Windows\system32\KERNEL32.DLL
0x00007ffe71940000 - 0x00007ffe71b28000 	C:\Windows\system32\KERNELBASE.dll
0x00007ffe74cd0000 - 0x00007ffe74d77000 	C:\Windows\system32\ADVAPI32.dll
0x00007ffe744d0000 - 0x00007ffe7456d000 	C:\Windows\system32\msvcrt.dll
0x00007ffe74570000 - 0x00007ffe745cb000 	C:\Windows\system32\sechost.dll
0x00007ffe745d0000 - 0x00007ffe746ec000 	C:\Windows\system32\RPCRT4.dll
0x00007ffe73c50000 - 0x00007ffe73da6000 	C:\Windows\system32\USER32.dll
0x00007ffe74750000 - 0x00007ffe748d6000 	C:\Windows\system32\GDI32.dll
0x00007ffe675b0000 - 0x00007ffe67824000 	C:\Windows\WinSxS\amd64_microsoft.windows.common-controls_6595b64144ccf1df_6.0.10586.0_none_8c15ae12515e1c22\COMCTL32.dll
0x00007ffe73e70000 - 0x00007ffe740ed000 	C:\Windows\system32\combase.dll
0x00007ffe71bc0000 - 0x00007ffe71c2a000 	C:\Windows\system32\bcryptPrimitives.dll
0x00007ffe74200000 - 0x00007ffe7423b000 	C:\Windows\system32\IMM32.DLL
0x000000006b410000 - 0x000000006b4e2000 	C:\J\jre1.8.0_151\bin\msvcr100.dll
0x000000006a7f0000 - 0x000000006b08d000 	C:\J\jre1.8.0_151\bin\server\jvm.dll
0x00007ffe751b0000 - 0x00007ffe751b8000 	C:\Windows\system32\PSAPI.DLL
0x00007ffe632b0000 - 0x00007ffe632ba000 	C:\Windows\SYSTEM32\VERSION.dll
0x00007ffe6fb00000 - 0x00007ffe6fb23000 	C:\Windows\SYSTEM32\WINMM.dll
0x00007ffe68550000 - 0x00007ffe68559000 	C:\Windows\SYSTEM32\WSOCK32.dll
0x00007ffe74460000 - 0x00007ffe744cb000 	C:\Windows\system32\WS2_32.dll
0x00007ffe6fad0000 - 0x00007ffe6fafc000 	C:\Windows\SYSTEM32\WINMMBASE.dll
0x00007ffe72620000 - 0x00007ffe72663000 	C:\Windows\system32\cfgmgr32.dll
0x000000006b560000 - 0x000000006b56f000 	C:\J\jre1.8.0_151\bin\verify.dll
0x000000006a6e0000 - 0x000000006a709000 	C:\J\jre1.8.0_151\bin\java.dll
0x000000006b540000 - 0x000000006b556000 	C:\J\jre1.8.0_151\bin\zip.dll

VM Arguments:
jvm_args: -Dfile.encoding=UTF-8 
java_command: Snake.Start
java_class_path (initial): C:\J\jre1.8.0_151\lib\resources.jar;C:\J\jre1.8.0_151\lib\rt.jar;C:\J\jre1.8.0_151\lib\jsse.jar;C:\J\jre1.8.0_151\lib\jce.jar;C:\J\jre1.8.0_151\lib\charsets.jar;C:\J\jre1.8.0_151\lib\jfr.jar;C:\J\jre1.8.0_151\lib\ext\access-bridge-64.jar;C:\J\jre1.8.0_151\lib\ext\cldrdata.jar;C:\J\jre1.8.0_151\lib\ext\dnsns.jar;C:\J\jre1.8.0_151\lib\ext\jaccess.jar;C:\J\jre1.8.0_151\lib\ext\jfxrt.jar;C:\J\jre1.8.0_151\lib\ext\localedata.jar;C:\J\jre1.8.0_151\lib\ext\nashorn.jar;C:\J\jre1.8.0_151\lib\ext\sunec.jar;C:\J\jre1.8.0_151\lib\ext\sunjce_provider.jar;C:\J\jre1.8.0_151\lib\ext\sunmscapi.jar;C:\J\jre1.8.0_151\lib\ext\sunpkcs11.jar;C:\J\jre1.8.0_151\lib\ext\zipfs.jar;C:\J\eclipse-workspace\SnakeByRomk\bin
Launcher Type: SUN_STANDARD

Environment Variables:
JAVA_HOME=C:\J\jdk-9.0.1\bin\
PATH=C:/J/jre1.8.0_151/bin/server;C:/J/jre1.8.0_151/bin;C:/J/jre1.8.0_151/lib/amd64;C:\ProgramData\Oracle\Java\javapath;C:\Windows\system32;C:\Windows;C:\Windows\System32\Wbem;C:\Windows\System32\WindowsPowerShell\v1.0\;C:\Program Files\7-Zip;C:\adb;C:\Program Files (x86)\Skype\Phone\;C:\J\jdk-9.0.1\bin\;C:\J\Git\cmd;C:\J\TortoiseGit\bin;C:\J\PuTTY\;c:\J\jdk1.8.0_151\bin\;C:\Users\RomkRomk\Desktop;
USERNAME=RomkRomk
OS=Windows_NT
PROCESSOR_IDENTIFIER=Intel64 Family 6 Model 60 Stepping 3, GenuineIntel



---------------  S Y S T E M  ---------------

OS: Windows 10.0 , 64 bit Build 10586 (10.0.10586.0)

CPU:total 4 (initial active 4) (2 cores per cpu, 2 threads per core) family 6 model 60 stepping 3, cmov, cx8, fxsr, mmx, sse, sse2, sse3, ssse3, sse4.1, sse4.2, popcnt, avx, avx2, clmul, erms, lzcnt, ht, tsc, tscinvbit, bmi1, bmi2

Memory: 4k page, physical 8126764k(1342488k free), swap 8126764k(5356k free)

vm_info: Java HotSpot(TM) 64-Bit Server VM (25.151-b12) for windows-amd64 JRE (1.8.0_151-b12), built on Sep  5 2017 19:33:46 by "java_re" with MS VC++ 10.0 (VS2010)

time: Wed Jan 31 23:57:34 2018
elapsed time: 0 seconds (0d 0h 0m 0s)

